(recexplainer) (base) ycf@admin123:~/XRec$ python explainer/main.py --mode finetune --dataset yelp
using device cuda
dataset: yelp
The `load_in_4bit` and `load_in_8bit` arguments are deprecated and will be removed in the future versions. Please, pass a `BitsAndBytesConfig` object in `quantization_config` argument instead.
`low_cpu_mem_usage` was None, now set to True since model is quantized.
Loading checkpoint shards: 100%|█████████████████████████████████████████████████████████████████████████████████████████████████████████████████████████████████████████████████████████████████████████████████████████████████████████████████████████████████████████| 2/2 [00:03<00:00,  1.75s/it]
Finetune model...
 11%|███████████████████████████                                                                                                                                                                                                                                | 2000/18553 [17:34<2:26:19,  1.89it/s]Epoch [0/1], Step [2000/18553], Loss: 1.2212721109390259
Generated Explanation: tensor([[[-0.0489, -0.2986,  0.4106,  ..., -5.8398, -0.1586,  1.2744],
         [-0.0489, -0.2986,  0.4106,  ..., -5.8398, -0.1586,  1.2744],
         [-6.0547, -0.2024,  1.0459,  ...,  0.5913,  1.3086,  1.2920],
         ...,
         [-7.3828, -3.0039,  2.8613,  ...,  4.1758,  4.3438, 13.2109],
         [-7.4141, -2.9844,  2.9512,  ...,  3.7188,  4.3359, 12.9141],
         [-7.3984, -2.7812,  2.7285,  ...,  4.0391,  4.4531, 12.9062]],

        [[-0.0489, -0.2986,  0.4106,  ..., -5.8398, -0.1586,  1.2744],
         [-0.0489, -0.2986,  0.4106,  ..., -5.8398, -0.1586,  1.2744],
         [-6.0547, -0.2024,  1.0459,  ...,  0.5913,  1.3086,  1.2920],
         ...,
         [-3.9512, -1.3574,  3.6523,  ...,  1.0039,  5.9570, 15.8984],
         [-4.3281, -1.6748,  3.4570,  ...,  0.8276,  6.0078, 16.0156],
         [-4.8047, -2.2930,  3.2891,  ...,  0.7480,  5.8438, 16.2812]],

        [[-0.0489, -0.2986,  0.4106,  ..., -5.8398, -0.1586,  1.2744],
         [-0.0489, -0.2986,  0.4106,  ..., -5.8398, -0.1586,  1.2744],
         [-6.0547, -0.2024,  1.0459,  ...,  0.5913,  1.3086,  1.2920],
         ...,
         [ 2.8340,  0.1377, -2.3203,  ..., -0.6460,  5.2266, -1.9238],
         [-1.2402, -0.6431,  4.4648,  ...,  0.1143,  4.5000, 10.0234],
         [-2.9883, -5.2617,  2.7207,  ...,  0.7788, 11.0000, 16.2500]],

        [[-0.0489, -0.2986,  0.4106,  ..., -5.8398, -0.1586,  1.2744],
         [-0.0489, -0.2986,  0.4106,  ..., -5.8398, -0.1586,  1.2744],
         [-6.0547, -0.2024,  1.0459,  ...,  0.5913,  1.3086,  1.2920],
         ...,
         [-6.0859, -1.4707,  2.9375,  ..., -1.2363,  4.3203, 14.3594],
         [-6.0078, -1.4229,  2.6738,  ..., -1.4141,  4.6367, 14.0312],
         [-5.9297, -1.6572,  2.9238,  ..., -1.3018,  4.1914, 13.7891]]],
       device='cuda:0', grad_fn=<ToCopyBackward0>)
 22%|██████████████████████████████████████████████████████                                                                                                                                                                                                     | 4000/18553 [35:06<2:06:16,  1.92it/s]Epoch [0/1], Step [4000/18553], Loss: 1.9917030334472656
Generated Explanation: tensor([[[-0.0681, -0.3110,  0.3877,  ..., -5.8516, -0.1597,  1.2461],
         [-0.0681, -0.3110,  0.3877,  ..., -5.8516, -0.1597,  1.2461],
         [-6.3164, -0.8682,  0.3494,  ...,  0.6089,  1.2900,  0.9058],
         ...,
         [-4.2695, -1.8525,  3.3027,  ...,  1.2070,  8.3750, 17.8750],
         [-4.5273, -2.0781,  3.1641,  ...,  1.0410,  8.5938, 18.0312],
         [-4.7188, -2.2734,  2.9766,  ...,  0.9019,  8.2422, 18.1094]],

        [[-0.0681, -0.3110,  0.3877,  ..., -5.8516, -0.1597,  1.2461],
         [-0.0681, -0.3110,  0.3877,  ..., -5.8516, -0.1597,  1.2461],
         [-6.3164, -0.8682,  0.3494,  ...,  0.6089,  1.2900,  0.9058],
         ...,
         [-6.5586, -4.3086,  1.3740,  ...,  0.7759,  3.1699, 17.1250],
         [-6.5703, -4.4805,  1.3613,  ...,  0.9878,  3.5391, 17.0156],
         [-6.5859, -4.2031,  1.4521,  ...,  0.7974,  3.3301, 17.2188]],

        [[-0.0681, -0.3110,  0.3877,  ..., -5.8516, -0.1597,  1.2461],
         [-0.0681, -0.3110,  0.3877,  ..., -5.8516, -0.1597,  1.2461],
         [-6.3164, -0.8682,  0.3494,  ...,  0.6089,  1.2900,  0.9058],
         ...,
         [ 3.7695,  2.0332, -2.1074,  ..., -0.4604,  6.5273,  3.0117],
         [-2.7812, -1.9043,  6.7227,  ...,  1.8350,  1.9160,  4.8711],
         [-1.7676, -0.8755,  2.3535,  ..., -5.3828,  6.6094, 16.9688]],

        [[-0.0681, -0.3110,  0.3877,  ..., -5.8516, -0.1597,  1.2461],
         [-0.0681, -0.3110,  0.3877,  ..., -5.8516, -0.1597,  1.2461],
         [-6.3164, -0.8682,  0.3494,  ...,  0.6089,  1.2900,  0.9058],
         ...,
         [ 5.4805,  4.1562, -2.7812,  ..., -0.1396,  4.6758, -1.0869],
         [-1.8379,  0.0511,  2.4512,  ...,  2.5156,  0.7676,  2.8086],
         [-3.0508, -0.2036,  1.2598,  ..., -1.2666,  7.9961, 13.5000]]],
       device='cuda:0', grad_fn=<ToCopyBackward0>)
 32%|█████████████████████████████████████████████████████████████████████████████████▏                                                                                                                                                                         | 6000/18553 [52:35<1:47:50,  1.94it/s]Epoch [0/1], Step [6000/18553], Loss: 1.3518732786178589
Generated Explanation: tensor([[[-7.7087e-02, -3.2275e-01,  3.8135e-01,  ..., -5.8477e+00,
          -1.5625e-01,  1.2568e+00],
         [-7.7087e-02, -3.2275e-01,  3.8135e-01,  ..., -5.8477e+00,
          -1.5625e-01,  1.2568e+00],
         [-6.1914e+00, -9.4482e-01,  5.1709e-01,  ...,  8.4082e-01,
           1.3652e+00,  1.0947e+00],
         ...,
         [-6.4727e+00, -4.0312e+00,  1.7939e+00,  ...,  9.0869e-01,
           4.7383e+00,  1.7688e+01],
         [-6.6523e+00, -4.1680e+00,  1.6279e+00,  ...,  1.1514e+00,
           4.9219e+00,  1.8031e+01],
         [-6.7734e+00, -4.5469e+00,  1.6240e+00,  ...,  1.0713e+00,
           4.6289e+00,  1.7484e+01]],

        [[-7.7087e-02, -3.2275e-01,  3.8135e-01,  ..., -5.8477e+00,
          -1.5625e-01,  1.2568e+00],
         [-7.7087e-02, -3.2275e-01,  3.8135e-01,  ..., -5.8477e+00,
          -1.5625e-01,  1.2568e+00],
         [-6.1914e+00, -9.4482e-01,  5.1709e-01,  ...,  8.4082e-01,
           1.3652e+00,  1.0947e+00],
         ...,
         [ 3.5083e-01, -3.4199e+00, -8.2636e-04,  ..., -2.8496e+00,
           6.0820e+00,  2.0508e+00],
         [-3.3594e-01, -1.5137e+00,  4.4492e+00,  ..., -2.2168e+00,
           5.7969e+00,  9.3750e+00],
         [-2.5293e+00, -1.6836e+00,  3.4629e+00,  ...,  8.7061e-01,
           8.8047e+00,  1.6469e+01]],

        [[-7.7087e-02, -3.2275e-01,  3.8135e-01,  ..., -5.8477e+00,
          -1.5625e-01,  1.2568e+00],
         [-7.7087e-02, -3.2275e-01,  3.8135e-01,  ..., -5.8477e+00,
          -1.5625e-01,  1.2568e+00],
         [-6.1914e+00, -9.4482e-01,  5.1709e-01,  ...,  8.4082e-01,
           1.3652e+00,  1.0947e+00],
         ...,
         [-3.5605e+00, -4.2344e+00,  2.8340e+00,  ...,  1.0127e+00,
           5.8516e+00,  2.0250e+01],
         [-2.5820e+00, -2.9102e+00,  2.3086e+00,  ..., -2.1277e-01,
           6.0117e+00,  2.0375e+01],
         [-2.8164e+00, -3.7480e+00,  2.0840e+00,  ..., -5.0781e-01,
           5.8320e+00,  2.0453e+01]],

        [[-7.7087e-02, -3.2275e-01,  3.8135e-01,  ..., -5.8477e+00,
          -1.5625e-01,  1.2568e+00],
         [-7.7087e-02, -3.2275e-01,  3.8135e-01,  ..., -5.8477e+00,
          -1.5625e-01,  1.2568e+00],
         [-6.1914e+00, -9.4482e-01,  5.1709e-01,  ...,  8.4082e-01,
           1.3652e+00,  1.0947e+00],
         ...,
         [-7.4336e+00, -4.4688e+00,  5.8167e-02,  ...,  2.8340e+00,
           6.8398e+00,  1.9094e+01],
         [-7.8281e+00, -4.8086e+00, -2.5586e-01,  ...,  3.0957e+00,
           6.2461e+00,  1.8562e+01],
         [-7.9297e+00, -5.0898e+00, -2.7979e-01,  ...,  3.1836e+00,
           6.4180e+00,  1.8641e+01]]], device='cuda:0',
       grad_fn=<ToCopyBackward0>)
 43%|███████████████████████████████████████████████████████████████████████████████████████████████████████████▎                                                                                                                                             | 8000/18553 [1:10:07<1:31:59,  1.91it/s]Epoch [0/1], Step [8000/18553], Loss: 1.4056745767593384
Generated Explanation: tensor([[[-0.0893, -0.3167,  0.4089,  ..., -5.8984, -0.1412,  1.2598],
         [-0.0893, -0.3167,  0.4089,  ..., -5.8984, -0.1412,  1.2598],
         [-6.2031, -0.8540,  0.1710,  ...,  0.7266,  1.2373,  0.9941],
         ...,
         [-6.2891, -2.4375,  0.1661,  ...,  1.1191,  5.1914, 18.6875],
         [-6.3125, -2.5625,  0.3081,  ...,  1.3799,  5.1953, 18.4062],
         [-6.4062, -2.5820,  0.3982,  ...,  1.5537,  5.3594, 18.7500]],

        [[-0.0893, -0.3167,  0.4089,  ..., -5.8984, -0.1412,  1.2598],
         [-0.0893, -0.3167,  0.4089,  ..., -5.8984, -0.1412,  1.2598],
         [-6.2031, -0.8540,  0.1710,  ...,  0.7266,  1.2373,  0.9941],
         ...,
         [-8.0547, -5.1602,  2.6367,  ...,  3.2812,  9.8203, 18.1250],
         [-7.9258, -4.5742,  2.5742,  ...,  2.6504, 10.2500, 18.3750],
         [-8.2500, -5.0859,  2.3516,  ...,  2.3320,  9.7500, 17.9375]],

        [[-0.0893, -0.3167,  0.4089,  ..., -5.8984, -0.1412,  1.2598],
         [-0.0893, -0.3167,  0.4089,  ..., -5.8984, -0.1412,  1.2598],
         [-6.2031, -0.8540,  0.1710,  ...,  0.7266,  1.2373,  0.9941],
         ...,
         [ 3.7969, -0.4590, -4.0273,  ...,  0.5469,  3.1562,  1.4824],
         [ 0.3965,  0.4265,  1.3652,  ..., -2.8262,  5.0469,  7.8555],
         [-3.4160, -1.2939,  3.2305,  ...,  0.3813, 10.4922, 15.1875]],

        [[-0.0893, -0.3167,  0.4089,  ..., -5.8984, -0.1412,  1.2598],
         [-0.0893, -0.3167,  0.4089,  ..., -5.8984, -0.1412,  1.2598],
         [-6.2031, -0.8540,  0.1710,  ...,  0.7266,  1.2373,  0.9941],
         ...,
         [-7.6914, -5.3594,  2.0781,  ...,  2.2207,  5.1797, 19.0312],
         [-7.8047, -5.2773,  1.9609,  ...,  1.9150,  4.9258, 19.5156],
         [-8.0078, -5.7773,  1.8809,  ...,  1.8682,  5.0195, 19.4531]]],
       device='cuda:0', grad_fn=<ToCopyBackward0>)
 54%|█████████████████████████████████████████████████████████████████████████████████████████████████████████████████████████████████████▋                                                                                                                  | 10000/18553 [1:27:44<1:14:53,  1.90it/s]Epoch [0/1], Step [10000/18553], Loss: 1.6377031803131104
Generated Explanation: tensor([[[-0.0898, -0.3379,  0.4084,  ..., -5.8555, -0.1840,  1.2549],
         [-0.0898, -0.3379,  0.4084,  ..., -5.8555, -0.1840,  1.2549],
         [-6.3164, -1.0596,  0.6030,  ...,  0.6470,  1.2842,  1.1201],
         ...,
         [-4.6172, -1.4922,  1.6494,  ...,  1.4600,  6.2539, 18.9688],
         [-4.5742, -1.2949,  2.1113,  ...,  2.0098,  6.2969, 18.4219],
         [-4.7695, -1.8682,  2.2422,  ...,  2.0488,  6.5469, 18.5000]],

        [[-0.0898, -0.3379,  0.4084,  ..., -5.8555, -0.1840,  1.2549],
         [-0.0898, -0.3379,  0.4084,  ..., -5.8555, -0.1840,  1.2549],
         [-6.3164, -1.0596,  0.6030,  ...,  0.6470,  1.2842,  1.1201],
         ...,
         [-0.1996, -3.7949,  4.7734,  ...,  0.9951,  5.0117,  7.6250],
         [-2.7266, -5.0938,  2.5332,  ...,  1.3955,  8.8125, 16.5000],
         [-3.9746, -2.1250,  3.9727,  ...,  5.0664,  6.0312, 19.5781]],

        [[-0.0898, -0.3379,  0.4084,  ..., -5.8555, -0.1840,  1.2549],
         [-0.0898, -0.3379,  0.4084,  ..., -5.8555, -0.1840,  1.2549],
         [-6.3164, -1.0596,  0.6030,  ...,  0.6470,  1.2842,  1.1201],
         ...,
         [-4.0391, -1.7080,  1.8457,  ...,  1.2471,  7.9961, 18.4531],
         [-4.1992, -1.9170,  1.6807,  ...,  1.0088,  7.4219, 18.8438],
         [-4.6289, -1.8896,  1.8535,  ...,  0.9067,  7.6680, 18.6094]],

        [[-0.0898, -0.3379,  0.4084,  ..., -5.8555, -0.1840,  1.2549],
         [-0.0898, -0.3379,  0.4084,  ..., -5.8555, -0.1840,  1.2549],
         [-6.3164, -1.0596,  0.6030,  ...,  0.6470,  1.2842,  1.1201],
         ...,
         [ 4.0312,  2.6211,  1.9189,  ..., -1.1602,  5.6562, -0.1602],
         [ 1.7070,  2.5742,  1.5078,  ...,  0.2230,  3.9199,  2.1445],
         [-1.0625, -0.7627,  1.7617,  ..., -0.0726, 10.6562, 19.7188]]],
       device='cuda:0', grad_fn=<ToCopyBackward0>)
 65%|█████████████████████████████████████████████████████████████████████████████████████████████████████████████████████████████████████████████████████████████████▋                                                                                        | 12000/18553 [1:45:13<57:05,  1.91it/s]Epoch [0/1], Step [12000/18553], Loss: 1.3138184547424316
Generated Explanation: tensor([[[-4.8553e-02, -2.8320e-01,  3.6890e-01,  ..., -5.8672e+00,
          -1.6138e-01,  1.2588e+00],
         [-4.8553e-02, -2.8320e-01,  3.6890e-01,  ..., -5.8672e+00,
          -1.6138e-01,  1.2588e+00],
         [-5.8867e+00,  8.9294e-02,  6.1621e-01,  ...,  3.4741e-01,
           1.2354e+00,  1.0303e+00],
         ...,
         [-7.9727e+00, -4.9531e+00,  6.7822e-01,  ...,  1.3379e+00,
           5.8281e+00,  1.4375e+01],
         [-8.0625e+00, -5.0352e+00,  7.1191e-01,  ...,  1.2324e+00,
           5.8984e+00,  1.4531e+01],
         [-7.9922e+00, -4.7773e+00,  9.7998e-01,  ...,  1.4746e+00,
           6.3047e+00,  1.4398e+01]],

        [[-4.8553e-02, -2.8320e-01,  3.6890e-01,  ..., -5.8672e+00,
          -1.6138e-01,  1.2588e+00],
         [-4.8553e-02, -2.8320e-01,  3.6890e-01,  ..., -5.8672e+00,
          -1.6138e-01,  1.2588e+00],
         [-5.8867e+00,  8.9294e-02,  6.1621e-01,  ...,  3.4741e-01,
           1.2354e+00,  1.0303e+00],
         ...,
         [-5.6641e+00, -2.8535e+00,  2.0742e+00,  ..., -5.0098e-01,
           6.9844e+00,  1.9156e+01],
         [-5.6602e+00, -2.7871e+00,  2.0566e+00,  ..., -5.8545e-01,
           6.9414e+00,  1.9453e+01],
         [-5.4922e+00, -2.2539e+00,  1.8730e+00,  ..., -8.0127e-01,
           6.8672e+00,  1.9172e+01]],

        [[-4.8553e-02, -2.8320e-01,  3.6890e-01,  ..., -5.8672e+00,
          -1.6138e-01,  1.2588e+00],
         [-4.8553e-02, -2.8320e-01,  3.6890e-01,  ..., -5.8672e+00,
          -1.6138e-01,  1.2588e+00],
         [-5.8867e+00,  8.9294e-02,  6.1621e-01,  ...,  3.4741e-01,
           1.2354e+00,  1.0303e+00],
         ...,
         [ 2.0840e+00, -1.5686e-01, -7.3340e-01,  ..., -4.0547e+00,
           7.0469e+00,  2.3438e+00],
         [-1.0811e-02, -2.0977e+00,  2.8320e+00,  ..., -2.5586e+00,
           6.7188e+00,  8.7578e+00],
         [-2.7676e+00, -2.0039e+00,  3.8633e+00,  ..., -1.7764e+00,
           8.4219e+00,  1.8047e+01]],

        [[-4.8553e-02, -2.8320e-01,  3.6890e-01,  ..., -5.8672e+00,
          -1.6138e-01,  1.2588e+00],
         [-4.8553e-02, -2.8320e-01,  3.6890e-01,  ..., -5.8672e+00,
          -1.6138e-01,  1.2588e+00],
         [-5.8867e+00,  8.9294e-02,  6.1621e-01,  ...,  3.4741e-01,
           1.2354e+00,  1.0303e+00],
         ...,
         [-7.4648e+00, -4.6289e+00,  1.0576e+00,  ...,  3.2207e+00,
           8.1328e+00,  1.9297e+01],
         [-7.4180e+00, -4.5859e+00,  1.0010e+00,  ...,  2.8633e+00,
           7.9258e+00,  1.9062e+01],
         [-7.4727e+00, -4.7305e+00,  8.4814e-01,  ...,  3.1426e+00,
           7.8438e+00,  1.9312e+01]]], device='cuda:0',
       grad_fn=<ToCopyBackward0>)
 75%|████████████████████████████████████████████████████████████████████████████████████████████████████████████████████████████████████████████████████████████████████████████████████████████▋                                                             | 14000/18553 [2:02:43<38:58,  1.95it/s]Epoch [0/1], Step [14000/18553], Loss: 0.9922161102294922
Generated Explanation: tensor([[[-0.0237, -0.2693,  0.4141,  ..., -5.8828, -0.1652,  1.2705],
         [-0.0237, -0.2693,  0.4141,  ..., -5.8828, -0.1652,  1.2705],
         [-6.0195, -0.4426,  0.7197,  ...,  0.6523,  1.2598,  1.1670],
         ...,
         [ 1.7002, -1.5723,  0.8042,  ..., -3.1074,  5.8359,  2.0898],
         [-1.9297, -3.8477,  2.2695,  ..., -2.1328,  6.9609, 12.9141],
         [-3.2695, -3.0566,  3.2070,  ..., -0.7554,  9.0547, 18.9844]],

        [[-0.0237, -0.2693,  0.4141,  ..., -5.8828, -0.1652,  1.2705],
         [-0.0237, -0.2693,  0.4141,  ..., -5.8828, -0.1652,  1.2705],
         [-6.0195, -0.4426,  0.7197,  ...,  0.6523,  1.2598,  1.1670],
         ...,
         [-6.9961, -8.4375, -1.1191,  ...,  1.1641,  6.1875, 19.3125],
         [-6.7344, -7.8008, -1.2344,  ...,  1.5840,  5.5898, 18.8594],
         [-6.8711, -8.0078, -1.0439,  ...,  1.2207,  5.8711, 18.7812]],

        [[-0.0237, -0.2693,  0.4141,  ..., -5.8828, -0.1652,  1.2705],
         [-0.0237, -0.2693,  0.4141,  ..., -5.8828, -0.1652,  1.2705],
         [-6.0195, -0.4426,  0.7197,  ...,  0.6523,  1.2598,  1.1670],
         ...,
         [-9.0938, -7.5625,  0.4707,  ...,  2.1504,  7.9844, 17.7188],
         [-8.7969, -7.2734,  0.5137,  ...,  2.1426,  8.3359, 17.9375],
         [-8.8906, -7.2383,  0.4785,  ...,  2.1641,  8.5312, 18.1875]],

        [[-0.0237, -0.2693,  0.4141,  ..., -5.8828, -0.1652,  1.2705],
         [-0.0237, -0.2693,  0.4141,  ..., -5.8828, -0.1652,  1.2705],
         [-6.0195, -0.4426,  0.7197,  ...,  0.6523,  1.2598,  1.1670],
         ...,
         [-7.5234, -4.8711,  1.8027,  ...,  2.8047,  6.7930, 20.5312],
         [-7.6250, -5.1797,  1.7549,  ...,  2.6641,  6.9570, 20.6094],
         [-7.9375, -5.2695,  1.5000,  ...,  2.7793,  6.7930, 20.2969]]],
       device='cuda:0', grad_fn=<ToCopyBackward0>)
 86%|███████████████████████████████████████████████████████████████████████████████████████████████████████████████████████████████████████████████████████████████████████████████████████████████████████████████████████▌                                  | 16000/18553 [2:20:12<22:15,  1.91it/s]Epoch [0/1], Step [16000/18553], Loss: 1.1233857870101929
Generated Explanation: tensor([[[-0.0828, -0.3135,  0.3967,  ..., -5.8594, -0.1580,  1.2432],
         [-0.0828, -0.3135,  0.3967,  ..., -5.8594, -0.1580,  1.2432],
         [-6.0430, -0.7412,  0.4668,  ...,  0.8828,  1.1592,  0.9653],
         ...,
         [-8.1875, -4.0547,  0.4272,  ...,  1.3779,  5.7305, 18.0312],
         [-8.3516, -4.2500,  0.2939,  ...,  1.5693,  5.6250, 18.3594],
         [-8.3906, -4.6016,  0.1272,  ...,  1.4971,  5.5156, 18.5625]],

        [[-0.0828, -0.3135,  0.3967,  ..., -5.8594, -0.1580,  1.2432],
         [-0.0828, -0.3135,  0.3967,  ..., -5.8594, -0.1580,  1.2432],
         [-6.0430, -0.7412,  0.4668,  ...,  0.8828,  1.1592,  0.9653],
         ...,
         [ 0.7900,  0.7524,  2.6973,  ..., -3.2246,  7.1523,  3.5098],
         [-2.0840, -1.6826,  7.7695,  ..., -0.7891,  6.9883, 11.4453],
         [-2.3164, -1.1660,  3.6309,  ...,  1.0078,  8.1641, 19.2656]],

        [[-0.0828, -0.3135,  0.3967,  ..., -5.8594, -0.1580,  1.2432],
         [-0.0828, -0.3135,  0.3967,  ..., -5.8594, -0.1580,  1.2432],
         [-6.0430, -0.7412,  0.4668,  ...,  0.8828,  1.1592,  0.9653],
         ...,
         [-8.9453, -5.8789,  0.2451,  ...,  2.9707,  5.5859, 18.5938],
         [-9.0625, -5.8984,  0.0558,  ...,  2.9258,  5.4102, 18.0625],
         [-9.0078, -6.0820, -0.0469,  ...,  2.8340,  5.2227, 17.7656]],

        [[-0.0828, -0.3135,  0.3967,  ..., -5.8594, -0.1580,  1.2432],
         [-0.0828, -0.3135,  0.3967,  ..., -5.8594, -0.1580,  1.2432],
         [-6.0430, -0.7412,  0.4668,  ...,  0.8828,  1.1592,  0.9653],
         ...,
         [-7.3359, -6.2148,  2.1133,  ...,  2.4121,  7.1641, 19.1875],
         [-7.1289, -5.9023,  2.1758,  ...,  2.1895,  7.1484, 19.2188],
         [-7.2617, -6.0781,  2.0781,  ...,  2.2656,  7.2500, 19.2344]]],
       device='cuda:0', grad_fn=<ToCopyBackward0>)
 97%|██████████████████████████████████████████████████████████████████████████████████████████████████████████████████████████████████████████████████████████████████████████████████████████████████████████████████████████████████████████████████▌       | 18000/18553 [2:37:43<04:46,  1.93it/s]Epoch [0/1], Step [18000/18553], Loss: 1.5448017120361328
Generated Explanation: tensor([[[-0.0599, -0.2952,  0.4072,  ..., -5.8516, -0.1710,  1.2246],
         [-0.0599, -0.2952,  0.4072,  ..., -5.8516, -0.1710,  1.2246],
         [-6.1953, -0.4902,  0.3259,  ...,  0.3977,  1.0137,  1.0303],
         ...,
         [-4.1367, -0.7778,  0.4265,  ...,  1.1777,  6.1875, 19.2656],
         [-4.3438, -0.8955,  0.4160,  ...,  1.2646,  6.2227, 19.0312],
         [-4.4219, -1.0234,  0.3699,  ...,  1.2314,  6.1719, 18.6094]],

        [[-0.0599, -0.2952,  0.4072,  ..., -5.8516, -0.1710,  1.2246],
         [-0.0599, -0.2952,  0.4072,  ..., -5.8516, -0.1710,  1.2246],
         [-6.1953, -0.4902,  0.3259,  ...,  0.3977,  1.0137,  1.0303],
         ...,
         [ 0.9570,  0.1550,  2.0625,  ..., -2.8047,  9.1250,  3.7910],
         [-0.6152, -0.3853,  5.9609,  ..., -0.0850,  8.7656, 10.3203],
         [-2.9004, -4.4922,  4.4961,  ...,  2.0000,  8.8516, 18.7500]],

        [[-0.0599, -0.2952,  0.4072,  ..., -5.8516, -0.1710,  1.2246],
         [-0.0599, -0.2952,  0.4072,  ..., -5.8516, -0.1710,  1.2246],
         [-6.1953, -0.4902,  0.3259,  ...,  0.3977,  1.0137,  1.0303],
         ...,
         [-8.4844, -7.6641, -1.2441,  ...,  0.0451,  4.9336, 18.3750],
         [-8.6953, -7.7422, -1.1572,  ...,  0.2004,  5.1680, 18.1875],
         [-8.6797, -8.0078, -1.0312,  ...,  0.0418,  5.0859, 18.3281]],

        [[-0.0599, -0.2952,  0.4072,  ..., -5.8516, -0.1710,  1.2246],
         [-0.0599, -0.2952,  0.4072,  ..., -5.8516, -0.1710,  1.2246],
         [-6.1953, -0.4902,  0.3259,  ...,  0.3977,  1.0137,  1.0303],
         ...,
         [-4.3906, -1.3887,  0.9409,  ...,  1.5293,  6.1484, 19.8906],
         [-5.1289, -2.8027,  0.6450,  ...,  1.6621,  6.1680, 19.4531],
         [-5.7305, -3.1875,  0.4592,  ...,  1.9141,  6.1094, 19.3125]]],
       device='cuda:0', grad_fn=<ToCopyBackward0>)
100%|██████████████████████████████████████████████████████████████████████████████████████████████████████████████████████████████████████████████████████████████████████████████████████████████████████████████████████████████████████████████████████████| 18553/18553 [2:42:35<00:00,  1.90it/s]
Epoch [0/1], Loss: 26110.36590862274
Saved model to ./data/yelp/user_converter.pkl
Saved model to ./data/yelp/item_converter.pkl